#
# There is insufficient memory for the Java Runtime Environment to continue.
# Native memory allocation (malloc) failed to allocate 1048576 bytes for AllocateHeap
# Possible reasons:
#   The system is out of physical RAM or swap space
#   In 32 bit mode, the process size limit was hit
# Possible solutions:
#   Reduce memory load on the system
#   Increase physical memory or swap space
#   Check if swap backing store is full
#   Use 64 bit Java on a 64 bit OS
#   Decrease Java heap size (-Xmx/-Xms)
#   Decrease number of Java threads
#   Decrease Java thread stack sizes (-Xss)
#   Set larger code cache with -XX:ReservedCodeCacheSize=
# This output file may be truncated or incomplete.
#
#  Out of Memory Error (memory/allocation.inline.hpp:61), pid=16960, tid=16908
#
# JRE version:  (8.0_40-b26) (build )
# Java VM: Java HotSpot(TM) 64-Bit Server VM (25.40-b25 mixed mode windows-amd64 compressed oops)
# Failed to write core dump. Minidumps are not enabled by default on client versions of Windows
#

---------------  T H R E A D  ---------------

Current thread (0x000000000233e000):  JavaThread "Unknown thread" [_thread_in_vm, id=16908, stack(0x0000000002340000,0x0000000002440000)]

Stack: [0x0000000002340000,0x0000000002440000]
Native frames: (J=compiled Java code, j=interpreted, Vv=VM code, C=native code)
V  [jvm.dll+0x32b47a]
V  [jvm.dll+0x2797f3]
V  [jvm.dll+0x27a489]
V  [jvm.dll+0x2717a5]
V  [jvm.dll+0x1606]
V  [jvm.dll+0x3f7cf2]
V  [jvm.dll+0x3f868f]
V  [jvm.dll+0x3f875d]
V  [jvm.dll+0x3f8926]
V  [jvm.dll+0xf2c12]
V  [jvm.dll+0x20f139]
V  [jvm.dll+0x240d9a]
V  [jvm.dll+0x15b941]
C  [java.exe+0x216e]
C  [java.exe+0xcce7]
C  [java.exe+0xcd7b]
C  [KERNEL32.DLL+0x18102]
C  [ntdll.dll+0x5c574]


---------------  P R O C E S S  ---------------

Java Threads: ( => current thread )

Other Threads:

=>0x000000000233e000 (exited) JavaThread "Unknown thread" [_thread_in_vm, id=16908, stack(0x0000000002340000,0x0000000002440000)]

VM state:not at safepoint (normal execution)

VM Mutex/Monitor currently owned by a thread: None

Heap:
 PSYoungGen      total 17920K, used 307K [0x00000000eab00000, 0x00000000ebf00000, 0x0000000100000000)
  eden space 15360K, 2% used [0x00000000eab00000,0x00000000eab4ccd8,0x00000000eba00000)
  from space 2560K, 0% used [0x00000000ebc80000,0x00000000ebc80000,0x00000000ebf00000)
  to   space 2560K, 0% used [0x00000000eba00000,0x00000000eba00000,0x00000000ebc80000)
 ParOldGen       total 40960K, used 0K [0x00000000c0000000, 0x00000000c2800000, 0x00000000eab00000)
  object space 40960K, 0% used [0x00000000c0000000,0x00000000c0000000,0x00000000c2800000)
 Metaspace       used 766K, capacity 4480K, committed 4480K, reserved 1056768K
  class space    used 75K, capacity 384K, committed 384K, reserved 1048576K

Card table byte_map: [0x0000000011900000,0x0000000011b10000] byte_map_base: 0x0000000011300000

Marking Bits: (ParMarkBitMap*) 0x0000000067844040
 Begin Bits: [0x0000000012070000, 0x0000000013070000)
 End Bits:   [0x0000000013070000, 0x0000000014070000)

Polling page: 0x0000000001f40000

CodeCache: size=245760Kb used=328Kb max_used=328Kb free=245431Kb
 bounds [0x0000000002540000, 0x00000000027b0000, 0x0000000011540000]
 total_blobs=57 nmethods=0 adapters=37
 compilation: enabled

Compilation events (0 events):
No events

GC Heap History (0 events):
No events

Deoptimization events (0 events):
No events

Internal exceptions (0 events):
No events

Events (10 events):
Event: 0.125 loading class java/lang/Short
Event: 0.125 loading class java/lang/Short done
Event: 0.125 loading class java/lang/Integer
Event: 0.126 loading class java/lang/Integer done
Event: 0.126 loading class java/lang/Long
Event: 0.127 loading class java/lang/Long done
Event: 0.128 loading class java/lang/NullPointerException
Event: 0.128 loading class java/lang/NullPointerException done
Event: 0.128 loading class java/lang/ArithmeticException
Event: 0.128 loading class java/lang/ArithmeticException done


Dynamic libraries:
0x00007ff633a20000 - 0x00007ff633a57000 	C:\Program Files\Java\jdk1.8.0_40\bin\java.exe
0x00007ffacb410000 - 0x00007ffacb5d1000 	C:\WINDOWS\SYSTEM32\ntdll.dll
0x00007ffacae10000 - 0x00007ffacaebd000 	C:\WINDOWS\system32\KERNEL32.DLL
0x00007ffac81d0000 - 0x00007ffac83b8000 	C:\WINDOWS\system32\KERNELBASE.dll
0x00007ffaca710000 - 0x00007ffaca7b7000 	C:\WINDOWS\system32\ADVAPI32.dll
0x00007ffaca7c0000 - 0x00007ffaca85d000 	C:\WINDOWS\system32\msvcrt.dll
0x00007ffac8ae0000 - 0x00007ffac8b3b000 	C:\WINDOWS\system32\sechost.dll
0x00007ffacb2f0000 - 0x00007ffacb40c000 	C:\WINDOWS\system32\RPCRT4.dll
0x00007ffac8c30000 - 0x00007ffac8d86000 	C:\WINDOWS\system32\USER32.dll
0x00007ffac87f0000 - 0x00007ffac8976000 	C:\WINDOWS\system32\GDI32.dll
0x00007ffab8a70000 - 0x00007ffab8ce4000 	C:\WINDOWS\WinSxS\amd64_microsoft.windows.common-controls_6595b64144ccf1df_6.0.10586.0_none_8c15ae12515e1c22\COMCTL32.dll
0x00007ffaca980000 - 0x00007ffacabfd000 	C:\WINDOWS\system32\combase.dll
0x00007ffac7b10000 - 0x00007ffac7b7a000 	C:\WINDOWS\system32\bcryptPrimitives.dll
0x00007ffacac00000 - 0x00007ffacac3b000 	C:\WINDOWS\system32\IMM32.DLL
0x0000000066bc0000 - 0x0000000066c92000 	C:\Program Files\Java\jdk1.8.0_40\jre\bin\msvcr100.dll
0x0000000067040000 - 0x00000000678c3000 	C:\Program Files\Java\jdk1.8.0_40\jre\bin\server\jvm.dll
0x00007ffac8980000 - 0x00007ffac8988000 	C:\WINDOWS\system32\PSAPI.DLL
0x00007ffab7df0000 - 0x00007ffab7df9000 	C:\WINDOWS\SYSTEM32\WSOCK32.dll
0x00007ffac8bc0000 - 0x00007ffac8c2b000 	C:\WINDOWS\system32\WS2_32.dll
0x00007ffac6140000 - 0x00007ffac6163000 	C:\WINDOWS\SYSTEM32\WINMM.dll
0x00007ffab8620000 - 0x00007ffab862a000 	C:\WINDOWS\SYSTEM32\VERSION.dll
0x00007ffac60e0000 - 0x00007ffac610c000 	C:\WINDOWS\SYSTEM32\WINMMBASE.dll
0x00007ffac7ac0000 - 0x00007ffac7b03000 	C:\WINDOWS\system32\cfgmgr32.dll
0x0000000067030000 - 0x000000006703f000 	C:\Program Files\Java\jdk1.8.0_40\jre\bin\verify.dll
0x0000000067000000 - 0x0000000067029000 	C:\Program Files\Java\jdk1.8.0_40\jre\bin\java.dll
0x0000000066fe0000 - 0x0000000066ff6000 	C:\Program Files\Java\jdk1.8.0_40\jre\bin\zip.dll
0x00007ffaa74e0000 - 0x00007ffaa766c000 	C:\WINDOWS\SYSTEM32\dbghelp.dll

VM Arguments:
jvm_args: -Xmx1024M -Dfile.encoding=GBK -Duser.country=CN -Duser.language=zh -Duser.variant 
java_command: com.android.dx.command.Main --dex --num-threads=4 --output O:\HelloArduino\HHelloAndroid\app\build\intermediates\pre-dexed\debug\internal_impl-23.0.0-5f1d123156c9f2e20158bc06e3289fdadebfbe7d.jar O:\HelloArduino\HHelloAndroid\app\build\intermediates\exploded-aar\com.android.support\support-v4\23.0.0\jars\libs\internal_impl-23.0.0.jar
java_class_path (initial): C:\_Dev\AndroidSDK\build-tools\23.0.0\lib\dx.jar
Launcher Type: SUN_STANDARD

Environment Variables:
JAVA_HOME=C:\Program Files\Java\jdk1.8.0_40
CLASSPATH=.;C:\Program Files\Java\jdk1.8.0_40\lib\dt.jar;C:\Program Files\Java\jdk1.8.0_40\lib\tools.jar
PATH=C:\WINDOWS\system32;C:\WINDOWS;C:\WINDOWS\System32\Wbem;C:\WINDOWS\System32\WindowsPowerShell\v1.0\;C:\Program Files\Microsoft\Web Platform Installer\;C:\Program Files\Microsoft ASP.NET\ASP.NET Web Pages\v1.0\;C:\Program Files\Microsoft SQL Server\110\Tools\Binn\;C:\Program Files\Java\jdk1.8.0_40\bin;C:\Program Files (x86)\Microsoft Visual Studio 11.0\VC\bin;C:\_Dev\_myTools;C:\_Dev\CTEX\UserData\miktex\bin;C:\_Dev\CTEX\MiKTeX\miktex\bin;C:\_Dev\CTEX\CTeX\ctex\bin;C:\_Dev\CTEX\CTeX\cct\bin;C:\_Dev\CTEX\CTeX\ty\bin;C:\_Dev\CTEX\Ghostscript\gs9.05\bin;C:\_Dev\CTEX\GSview\gsview;C:\_Dev\CTEX\WinEdt;C:\Program Files\TortoiseSVN\bin;C:\_Dev\Qt\Qt5.3.2\5.3\msvc2012_opengl\bin;C:\_A;C:\_Dev\Python34\;C:\_Dev\Python34\Scripts;C:\_Dev\Python27\Scripts;C:\_Dev\wamp\bin\php\php5.5.12;C:\_Dev\wamp\bin\php\php5.5.12\ext;C:\Program Files (x86)\Microsoft Visual Studio 11.0\Common7\IDE\;C:\_Dev\cygwin64\bin;C:\_Dev\cygwin64\usr\x86_64-w64-mingw32\sys-root\mingw\bin;C:\Program Files\MongoDB\Server\3.0\bin;C:\_Dev\nodejs\;C:\Users\Justin\AppData\Local\atom\bin;C:\Users\Justin\AppData\Roaming\npm
USERNAME=Justin
OS=Windows_NT
PROCESSOR_IDENTIFIER=Intel64 Family 6 Model 69 Stepping 1, GenuineIntel



---------------  S Y S T E M  ---------------

OS: Windows 10.0 , 64 bit Build 10586 (10.0.10586.0)

CPU:total 4 (2 cores per cpu, 2 threads per core) family 6 model 69 stepping 1, cmov, cx8, fxsr, mmx, sse, sse2, sse3, ssse3, sse4.1, sse4.2, popcnt, avx, avx2, clmul, erms, lzcnt, ht, tsc, tscinvbit, bmi1, bmi2

Memory: 4k page, physical 3862308k(194044k free), swap 10153764k(18160k free)

vm_info: Java HotSpot(TM) 64-Bit Server VM (25.40-b25) for windows-amd64 JRE (1.8.0_40-b26), built on Mar  7 2015 13:51:59 by "java_re" with MS VC++ 10.0 (VS2010)

time: Fri Feb 19 23:44:31 2016
elapsed time: 0 seconds (0d 0h 0m 0s)

