#
# There is insufficient memory for the Java Runtime Environment to continue.
# Native memory allocation (malloc) failed to allocate 1295056 bytes for Chunk::new
# Possible reasons:
#   The system is out of physical RAM or swap space
#   In 32 bit mode, the process size limit was hit
# Possible solutions:
#   Reduce memory load on the system
#   Increase physical memory or swap space
#   Check if swap backing store is full
#   Use 64 bit Java on a 64 bit OS
#   Decrease Java heap size (-Xmx/-Xms)
#   Decrease number of Java threads
#   Decrease Java thread stack sizes (-Xss)
#   Set larger code cache with -XX:ReservedCodeCacheSize=
# This output file may be truncated or incomplete.
#
#  Out of Memory Error (allocation.cpp:390), pid=11528, tid=17064
#
# JRE version: Java(TM) SE Runtime Environment (8.0_40-b26) (build 1.8.0_40-b26)
# Java VM: Java HotSpot(TM) 64-Bit Server VM (25.40-b25 mixed mode windows-amd64 compressed oops)
# Failed to write core dump. Minidumps are not enabled by default on client versions of Windows
#

---------------  T H R E A D  ---------------

Current thread (0x000000001630c000):  JavaThread "C2 CompilerThread1" daemon [_thread_in_native, id=17064, stack(0x00000000166f0000,0x00000000167f0000)]

Stack: [0x00000000166f0000,0x00000000167f0000]
Native frames: (J=compiled Java code, j=interpreted, Vv=VM code, C=native code)
V  [jvm.dll+0x32b47a]
V  [jvm.dll+0x2797f3]
V  [jvm.dll+0x27a489]
V  [jvm.dll+0x2717a5]
V  [jvm.dll+0xcb9a2]
V  [jvm.dll+0xcbe6c]
V  [jvm.dll+0x49294c]
V  [jvm.dll+0x45f94a]
V  [jvm.dll+0x46a73b]
V  [jvm.dll+0x46cd52]
V  [jvm.dll+0x4500d2]
V  [jvm.dll+0xa4312]
V  [jvm.dll+0xa4c4f]
V  [jvm.dll+0x241914]
V  [jvm.dll+0x29848a]
C  [msvcr100.dll+0x21d9f]
C  [msvcr100.dll+0x21e3b]
C  [KERNEL32.DLL+0x18102]
C  [ntdll.dll+0x5c574]


Current CompileTask:
C2:   4284 1742   !   4       com.android.dx.cf.code.BytecodeArray::parseInstruction (2764 bytes)


---------------  P R O C E S S  ---------------

Java Threads: ( => current thread )
  0x0000000016570000 JavaThread "pool-1-thread-4" [_thread_blocked, id=800, stack(0x0000000016ef0000,0x0000000016ff0000)]
  0x000000001656e800 JavaThread "pool-1-thread-3" [_thread_blocked, id=17332, stack(0x0000000016df0000,0x0000000016ef0000)]
  0x000000001656d800 JavaThread "pool-1-thread-2" [_thread_blocked, id=16624, stack(0x0000000016cf0000,0x0000000016df0000)]
  0x0000000016569800 JavaThread "pool-2-thread-1" [_thread_blocked, id=17348, stack(0x0000000016bf0000,0x0000000016cf0000)]
  0x0000000016568800 JavaThread "pool-1-thread-1" [_thread_blocked, id=1772, stack(0x0000000016af0000,0x0000000016bf0000)]
  0x0000000016352800 JavaThread "Service Thread" daemon [_thread_blocked, id=16872, stack(0x00000000168f0000,0x00000000169f0000)]
  0x000000001634c800 JavaThread "C1 CompilerThread2" daemon [_thread_blocked, id=17016, stack(0x00000000167f0000,0x00000000168f0000)]
=>0x000000001630c000 JavaThread "C2 CompilerThread1" daemon [_thread_in_native, id=17064, stack(0x00000000166f0000,0x00000000167f0000)]
  0x0000000014cfc800 JavaThread "C2 CompilerThread0" daemon [_thread_in_native, id=17076, stack(0x00000000161f0000,0x00000000162f0000)]
  0x0000000014cfa000 JavaThread "Attach Listener" daemon [_thread_blocked, id=9712, stack(0x00000000160f0000,0x00000000161f0000)]
  0x0000000014caf800 JavaThread "Signal Dispatcher" daemon [_thread_blocked, id=17012, stack(0x0000000015ff0000,0x00000000160f0000)]
  0x00000000025c1000 JavaThread "Finalizer" daemon [_thread_blocked, id=17004, stack(0x0000000015ef0000,0x0000000015ff0000)]
  0x00000000025be000 JavaThread "Reference Handler" daemon [_thread_blocked, id=16968, stack(0x0000000015df0000,0x0000000015ef0000)]
  0x000000000047e000 JavaThread "main" [_thread_in_Java, id=12384, stack(0x00000000023d0000,0x00000000024d0000)]

Other Threads:
  0x0000000014c67800 VMThread [stack: 0x0000000015cf0000,0x0000000015df0000] [id=5220]
  0x0000000016354000 WatcherThread [stack: 0x00000000169f0000,0x0000000016af0000] [id=8508]

VM state:not at safepoint (normal execution)

VM Mutex/Monitor currently owned by a thread: None

Heap:
 PSYoungGen      total 68608K, used 30516K [0x00000000eab00000, 0x00000000ef700000, 0x0000000100000000)
  eden space 60416K, 36% used [0x00000000eab00000,0x00000000ec0d3d90,0x00000000ee600000)
  from space 8192K, 99% used [0x00000000ee600000,0x00000000eedf9470,0x00000000eee00000)
  to   space 7168K, 0% used [0x00000000eee00000,0x00000000eee00000,0x00000000ef500000)
 ParOldGen       total 40960K, used 21740K [0x00000000c0000000, 0x00000000c2800000, 0x00000000eab00000)
  object space 40960K, 53% used [0x00000000c0000000,0x00000000c153b378,0x00000000c2800000)
 Metaspace       used 6280K, capacity 7160K, committed 7296K, reserved 1056768K
  class space    used 610K, capacity 624K, committed 640K, reserved 1048576K

Card table byte_map: [0x0000000011990000,0x0000000011ba0000] byte_map_base: 0x0000000011390000

Marking Bits: (ParMarkBitMap*) 0x0000000067844040
 Begin Bits: [0x0000000012100000, 0x0000000013100000)
 End Bits:   [0x0000000013100000, 0x0000000014100000)

Polling page: 0x0000000000450000

CodeCache: size=245760Kb used=7106Kb max_used=7106Kb free=238653Kb
 bounds [0x00000000025d0000, 0x0000000002cd0000, 0x00000000115d0000]
 total_blobs=1992 nmethods=1720 adapters=184
 compilation: enabled

Compilation events (10 events):
Event: 4.119 Thread 0x000000001634c800 1756       2       java.util.concurrent.ThreadPoolExecutor::runStateAtLeast (11 bytes)
Event: 4.119 Thread 0x000000001634c800 nmethod 1756 0x0000000002ca59d0 code [0x0000000002ca5b20, 0x0000000002ca5c50]
Event: 4.119 Thread 0x000000001634c800 1757       2       java.util.concurrent.ThreadPoolExecutor::beforeExecute (1 bytes)
Event: 4.119 Thread 0x000000001634c800 nmethod 1757 0x0000000002c8de50 code [0x0000000002c8dfa0, 0x0000000002c8e0f0]
Event: 4.120 Thread 0x000000001634c800 1758       2       java.util.concurrent.ThreadPoolExecutor::afterExecute (1 bytes)
Event: 4.120 Thread 0x000000001634c800 nmethod 1758 0x0000000002c8db50 code [0x0000000002c8dca0, 0x0000000002c8ddf0]
Event: 4.120 Thread 0x000000001634c800 1759   !   2       java.util.concurrent.ThreadPoolExecutor::getTask (179 bytes)
Event: 4.121 Thread 0x000000001634c800 nmethod 1759 0x0000000002c8cfd0 code [0x0000000002c8d1a0, 0x0000000002c8d758]
Event: 4.121 Thread 0x000000001634c800 1760       2       java.util.concurrent.locks.ReentrantLock::lockInterruptibly (9 bytes)
Event: 4.121 Thread 0x000000001634c800 nmethod 1760 0x0000000002ca15d0 code [0x0000000002ca1760, 0x0000000002ca19f8]

GC Heap History (10 events):
Event: 2.116 GC heap before
{Heap before GC invocations=3 (full 0):
 PSYoungGen      total 17920K, used 17895K [0x00000000eab00000, 0x00000000ece00000, 0x0000000100000000)
  eden space 15360K, 100% used [0x00000000eab00000,0x00000000eba00000,0x00000000eba00000)
  from space 2560K, 99% used [0x00000000ebc80000,0x00000000ebef9ed8,0x00000000ebf00000)
  to   space 2560K, 0% used [0x00000000eba00000,0x00000000eba00000,0x00000000ebc80000)
 ParOldGen       total 40960K, used 4623K [0x00000000c0000000, 0x00000000c2800000, 0x00000000eab00000)
  object space 40960K, 11% used [0x00000000c0000000,0x00000000c0483c48,0x00000000c2800000)
 Metaspace       used 6022K, capacity 7024K, committed 7296K, reserved 1056768K
  class space    used 589K, capacity 616K, committed 640K, reserved 1048576K
Event: 2.135 GC heap after
Heap after GC invocations=3 (full 0):
 PSYoungGen      total 17920K, used 2557K [0x00000000eab00000, 0x00000000ece00000, 0x0000000100000000)
  eden space 15360K, 0% used [0x00000000eab00000,0x00000000eab00000,0x00000000eba00000)
  from space 2560K, 99% used [0x00000000eba00000,0x00000000ebc7f448,0x00000000ebc80000)
  to   space 2560K, 0% used [0x00000000ecb80000,0x00000000ecb80000,0x00000000ece00000)
 ParOldGen       total 40960K, used 6889K [0x00000000c0000000, 0x00000000c2800000, 0x00000000eab00000)
  object space 40960K, 16% used [0x00000000c0000000,0x00000000c06ba7f0,0x00000000c2800000)
 Metaspace       used 6022K, capacity 7024K, committed 7296K, reserved 1056768K
  class space    used 589K, capacity 616K, committed 640K, reserved 1048576K
}
Event: 2.291 GC heap before
{Heap before GC invocations=4 (full 0):
 PSYoungGen      total 17920K, used 17917K [0x00000000eab00000, 0x00000000ece00000, 0x0000000100000000)
  eden space 15360K, 100% used [0x00000000eab00000,0x00000000eba00000,0x00000000eba00000)
  from space 2560K, 99% used [0x00000000eba00000,0x00000000ebc7f448,0x00000000ebc80000)
  to   space 2560K, 0% used [0x00000000ecb80000,0x00000000ecb80000,0x00000000ece00000)
 ParOldGen       total 40960K, used 6889K [0x00000000c0000000, 0x00000000c2800000, 0x00000000eab00000)
  object space 40960K, 16% used [0x00000000c0000000,0x00000000c06ba7f0,0x00000000c2800000)
 Metaspace       used 6070K, capacity 7088K, committed 7296K, reserved 1056768K
  class space    used 589K, capacity 616K, committed 640K, reserved 1048576K
Event: 2.327 GC heap after
Heap after GC invocations=4 (full 0):
 PSYoungGen      total 33280K, used 2550K [0x00000000eab00000, 0x00000000ece00000, 0x0000000100000000)
  eden space 30720K, 0% used [0x00000000eab00000,0x00000000eab00000,0x00000000ec900000)
  from space 2560K, 99% used [0x00000000ecb80000,0x00000000ecdfd8b0,0x00000000ece00000)
  to   space 2560K, 0% used [0x00000000ec900000,0x00000000ec900000,0x00000000ecb80000)
 ParOldGen       total 40960K, used 9383K [0x00000000c0000000, 0x00000000c2800000, 0x00000000eab00000)
  object space 40960K, 22% used [0x00000000c0000000,0x00000000c0929e58,0x00000000c2800000)
 Metaspace       used 6070K, capacity 7088K, committed 7296K, reserved 1056768K
  class space    used 589K, capacity 616K, committed 640K, reserved 1048576K
}
Event: 2.580 GC heap before
{Heap before GC invocations=5 (full 0):
 PSYoungGen      total 33280K, used 33270K [0x00000000eab00000, 0x00000000ece00000, 0x0000000100000000)
  eden space 30720K, 100% used [0x00000000eab00000,0x00000000ec900000,0x00000000ec900000)
  from space 2560K, 99% used [0x00000000ecb80000,0x00000000ecdfd8b0,0x00000000ece00000)
  to   space 2560K, 0% used [0x00000000ec900000,0x00000000ec900000,0x00000000ecb80000)
 ParOldGen       total 40960K, used 9383K [0x00000000c0000000, 0x00000000c2800000, 0x00000000eab00000)
  object space 40960K, 22% used [0x00000000c0000000,0x00000000c0929e58,0x00000000c2800000)
 Metaspace       used 6229K, capacity 7160K, committed 7296K, reserved 1056768K
  class space    used 609K, capacity 624K, committed 640K, reserved 1048576K
Event: 2.605 GC heap after
Heap after GC invocations=5 (full 0):
 PSYoungGen      total 33280K, used 2550K [0x00000000eab00000, 0x00000000ef500000, 0x0000000100000000)
  eden space 30720K, 0% used [0x00000000eab00000,0x00000000eab00000,0x00000000ec900000)
  from space 2560K, 99% used [0x00000000ec900000,0x00000000ecb7d8b0,0x00000000ecb80000)
  to   space 7168K, 0% used [0x00000000eee00000,0x00000000eee00000,0x00000000ef500000)
 ParOldGen       total 40960K, used 14194K [0x00000000c0000000, 0x00000000c2800000, 0x00000000eab00000)
  object space 40960K, 34% used [0x00000000c0000000,0x00000000c0ddc918,0x00000000c2800000)
 Metaspace       used 6229K, capacity 7160K, committed 7296K, reserved 1056768K
  class space    used 609K, capacity 624K, committed 640K, reserved 1048576K
}
Event: 2.820 GC heap before
{Heap before GC invocations=6 (full 0):
 PSYoungGen      total 33280K, used 33270K [0x00000000eab00000, 0x00000000ef500000, 0x0000000100000000)
  eden space 30720K, 100% used [0x00000000eab00000,0x00000000ec900000,0x00000000ec900000)
  from space 2560K, 99% used [0x00000000ec900000,0x00000000ecb7d8b0,0x00000000ecb80000)
  to   space 7168K, 0% used [0x00000000eee00000,0x00000000eee00000,0x00000000ef500000)
 ParOldGen       total 40960K, used 14194K [0x00000000c0000000, 0x00000000c2800000, 0x00000000eab00000)
  object space 40960K, 34% used [0x00000000c0000000,0x00000000c0ddc918,0x00000000c2800000)
 Metaspace       used 6250K, capacity 7160K, committed 7296K, reserved 1056768K
  class space    used 609K, capacity 624K, committed 640K, reserved 1048576K
Event: 2.858 GC heap after
Heap after GC invocations=6 (full 0):
 PSYoungGen      total 67584K, used 7158K [0x00000000eab00000, 0x00000000ef700000, 0x0000000100000000)
  eden space 60416K, 0% used [0x00000000eab00000,0x00000000eab00000,0x00000000ee600000)
  from space 7168K, 99% used [0x00000000eee00000,0x00000000ef4fda90,0x00000000ef500000)
  to   space 8192K, 0% used [0x00000000ee600000,0x00000000ee600000,0x00000000eee00000)
 ParOldGen       total 40960K, used 14246K [0x00000000c0000000, 0x00000000c2800000, 0x00000000eab00000)
  object space 40960K, 34% used [0x00000000c0000000,0x00000000c0de9b50,0x00000000c2800000)
 Metaspace       used 6250K, capacity 7160K, committed 7296K, reserved 1056768K
  class space    used 609K, capacity 624K, committed 640K, reserved 1048576K
}
Event: 3.520 GC heap before
{Heap before GC invocations=7 (full 0):
 PSYoungGen      total 67584K, used 67574K [0x00000000eab00000, 0x00000000ef700000, 0x0000000100000000)
  eden space 60416K, 100% used [0x00000000eab00000,0x00000000ee600000,0x00000000ee600000)
  from space 7168K, 99% used [0x00000000eee00000,0x00000000ef4fda90,0x00000000ef500000)
  to   space 8192K, 0% used [0x00000000ee600000,0x00000000ee600000,0x00000000eee00000)
 ParOldGen       total 40960K, used 14246K [0x00000000c0000000, 0x00000000c2800000, 0x00000000eab00000)
  object space 40960K, 34% used [0x00000000c0000000,0x00000000c0de9b50,0x00000000c2800000)
 Metaspace       used 6271K, capacity 7160K, committed 7296K, reserved 1056768K
  class space    used 610K, capacity 624K, committed 640K, reserved 1048576K
Event: 3.595 GC heap after
Heap after GC invocations=7 (full 0):
 PSYoungGen      total 68608K, used 8165K [0x00000000eab00000, 0x00000000ef700000, 0x0000000100000000)
  eden space 60416K, 0% used [0x00000000eab00000,0x00000000eab00000,0x00000000ee600000)
  from space 8192K, 99% used [0x00000000ee600000,0x00000000eedf9470,0x00000000eee00000)
  to   space 7168K, 0% used [0x00000000eee00000,0x00000000eee00000,0x00000000ef500000)
 ParOldGen       total 40960K, used 21740K [0x00000000c0000000, 0x00000000c2800000, 0x00000000eab00000)
  object space 40960K, 53% used [0x00000000c0000000,0x00000000c153b378,0x00000000c2800000)
 Metaspace       used 6271K, capacity 7160K, committed 7296K, reserved 1056768K
  class space    used 610K, capacity 624K, committed 640K, reserved 1048576K
}

Deoptimization events (10 events):
Event: 2.554 Thread 0x000000000047e000 Uncommon trap: reason=unstable_if action=reinterpret pc=0x0000000002947d94 method=java.util.HashMap.putVal(ILjava/lang/Object;Ljava/lang/Object;ZZ)Ljava/lang/Object; @ 162
Event: 2.612 Thread 0x000000000047e000 Uncommon trap: reason=unstable_if action=reinterpret pc=0x00000000028be218 method=java.util.HashMap.getNode(ILjava/lang/Object;)Ljava/util/HashMap$Node; @ 84
Event: 2.614 Thread 0x000000001656d800 Uncommon trap: reason=bimorphic action=maybe_recompile pc=0x0000000002c0c37c method=com.android.dx.cf.code.BytecodeArray.parseInstruction(ILcom/android/dx/cf/code/BytecodeArray$Visitor;)I @ 939
Event: 2.614 Thread 0x000000001656d800 Uncommon trap: reason=bimorphic action=maybe_recompile pc=0x0000000002c0c37c method=com.android.dx.cf.code.BytecodeArray.parseInstruction(ILcom/android/dx/cf/code/BytecodeArray$Visitor;)I @ 939
Event: 2.625 Thread 0x000000001656d800 Uncommon trap: reason=bimorphic action=maybe_recompile pc=0x0000000002c0c37c method=com.android.dx.cf.code.BytecodeArray.parseInstruction(ILcom/android/dx/cf/code/BytecodeArray$Visitor;)I @ 939
Event: 2.626 Thread 0x000000001656d800 Uncommon trap: reason=bimorphic action=maybe_recompile pc=0x0000000002c0c37c method=com.android.dx.cf.code.BytecodeArray.parseInstruction(ILcom/android/dx/cf/code/BytecodeArray$Visitor;)I @ 939
Event: 2.750 Thread 0x000000001656e800 Uncommon trap: reason=unstable_if action=reinterpret pc=0x0000000002a800fc method=com.android.dx.util.IntList.binarysearch(I)I @ 105
Event: 2.869 Thread 0x000000001656d800 Uncommon trap: reason=unstable_if action=reinterpret pc=0x00000000028e9bf8 method=com.android.dx.rop.code.RegisterSpec.equals(ILcom/android/dx/rop/type/TypeBearer;Lcom/android/dx/rop/code/LocalItem;)Z @ 42
Event: 3.659 Thread 0x000000001656e800 Uncommon trap: reason=bimorphic action=maybe_recompile pc=0x0000000002caa6ac method=com.android.dx.cf.code.BytecodeArray.parseInstruction(ILcom/android/dx/cf/code/BytecodeArray$Visitor;)I @ 987
Event: 3.659 Thread 0x000000001656e800 Uncommon trap: reason=bimorphic action=maybe_recompile pc=0x0000000002caa6ac method=com.android.dx.cf.code.BytecodeArray.parseInstruction(ILcom/android/dx/cf/code/BytecodeArray$Visitor;)I @ 987

Internal exceptions (5 events):
Event: 0.477 Thread 0x000000000047e000 Exception <a 'java/lang/NoSuchMethodError': Method sun.misc.Unsafe.defineClass(Ljava/lang/String;[BII)Ljava/lang/Class; name or signature does not match> (0x00000000eab12ef8) thrown at [D:\re\workspace\8-2-build-windows-amd64-cygwin\jdk8u40\3098\hotspot\srPd`´Êàﬁ?
Event: 0.477 Thread 0x000000000047e000 Exception <a 'java/lang/NoSuchMethodError': Method sun.misc.Unsafe.prefetchRead(Ljava/lang/Object;J)V name or signature does not match> (0x00000000eab13188) thrown at [D:\re\workspace\8-2-build-windows-amd64-cygwin\jdk8u40\3098\hotspot\src\share\vm\prims\jè¥Õ:`Ä@
Event: 2.563 Thread 0x000000000047e000 Exception <a 'java/lang/ArrayIndexOutOfBoundsException': 18> (0x00000000ec841708) thrown at [D:\re\workspace\8-2-build-windows-amd64-cygwin\jdk8u40\3098\hotspot\src\share\vm\interpreter\interpreterRuntime.cpp, line 366]
Event: 2.563 Thread 0x000000000047e000 Exception <a 'java/lang/ArrayIndexOutOfBoundsException': 145> (0x00000000ec8431d8) thrown at [D:\re\workspace\8-2-build-windows-amd64-cygwin\jdk8u40\3098\hotspot\src\share\vm\interpreter\interpreterRuntime.cpp, line 366]
Event: 2.566 Thread 0x000000000047e000 Exception <a 'java/lang/ArrayIndexOutOfBoundsException'> (0x00000000ec844410) thrown at [D:\re\workspace\8-2-build-windows-amd64-cygwin\jdk8u40\3098\hotspot\src\share\vm\runtime\sharedRuntime.cpp, line 605]

Events (10 events):
Event: 3.158 Thread 0x0000000016568800 DEOPT PACKING pc=0x0000000002c376d9 sp=0x0000000016bee490
Event: 3.158 Thread 0x0000000016568800 DEOPT UNPACKING pc=0x000000000261787f sp=0x0000000016bee188 mode 0
Event: 3.464 Executing VM operation: ParallelGCFailedAllocation
Event: 3.595 Executing VM operation: ParallelGCFailedAllocation done
Event: 3.659 Thread 0x000000001656e800 Uncommon trap: trap_request=0xffffffc6 fr.pc=0x0000000002caa6ac
Event: 3.659 Thread 0x000000001656e800 DEOPT PACKING pc=0x0000000002caa6ac sp=0x0000000016eee9f0
Event: 3.659 Thread 0x000000001656e800 DEOPT UNPACKING pc=0x000000000261582a sp=0x0000000016eee9d8 mode 2
Event: 3.659 Thread 0x000000001656e800 Uncommon trap: trap_request=0xffffffc6 fr.pc=0x0000000002caa6ac
Event: 3.659 Thread 0x000000001656e800 DEOPT PACKING pc=0x0000000002caa6ac sp=0x0000000016eee9f0
Event: 3.659 Thread 0x000000001656e800 DEOPT UNPACKING pc=0x000000000261582a sp=0x0000000016eee9d8 mode 2


Dynamic libraries:
0x00007ff633a20000 - 0x00007ff633a57000 	C:\Program Files\Java\jdk1.8.0_40\bin\java.exe
0x00007ffacb410000 - 0x00007ffacb5d1000 	C:\WINDOWS\SYSTEM32\ntdll.dll
0x00007ffacae10000 - 0x00007ffacaebd000 	C:\WINDOWS\system32\KERNEL32.DLL
0x00007ffac81d0000 - 0x00007ffac83b8000 	C:\WINDOWS\system32\KERNELBASE.dll
0x00007ffaca710000 - 0x00007ffaca7b7000 	C:\WINDOWS\system32\ADVAPI32.dll
0x00007ffaca7c0000 - 0x00007ffaca85d000 	C:\WINDOWS\system32\msvcrt.dll
0x00007ffac8ae0000 - 0x00007ffac8b3b000 	C:\WINDOWS\system32\sechost.dll
0x00007ffacb2f0000 - 0x00007ffacb40c000 	C:\WINDOWS\system32\RPCRT4.dll
0x00007ffac8c30000 - 0x00007ffac8d86000 	C:\WINDOWS\system32\USER32.dll
0x00007ffac87f0000 - 0x00007ffac8976000 	C:\WINDOWS\system32\GDI32.dll
0x00007ffab8a70000 - 0x00007ffab8ce4000 	C:\WINDOWS\WinSxS\amd64_microsoft.windows.common-controls_6595b64144ccf1df_6.0.10586.0_none_8c15ae12515e1c22\COMCTL32.dll
0x00007ffaca980000 - 0x00007ffacabfd000 	C:\WINDOWS\system32\combase.dll
0x00007ffac7b10000 - 0x00007ffac7b7a000 	C:\WINDOWS\system32\bcryptPrimitives.dll
0x00007ffacac00000 - 0x00007ffacac3b000 	C:\WINDOWS\system32\IMM32.DLL
0x0000000066bc0000 - 0x0000000066c92000 	C:\Program Files\Java\jdk1.8.0_40\jre\bin\msvcr100.dll
0x0000000067040000 - 0x00000000678c3000 	C:\Program Files\Java\jdk1.8.0_40\jre\bin\server\jvm.dll
0x00007ffac8980000 - 0x00007ffac8988000 	C:\WINDOWS\system32\PSAPI.DLL
0x00007ffab7df0000 - 0x00007ffab7df9000 	C:\WINDOWS\SYSTEM32\WSOCK32.dll
0x00007ffac8bc0000 - 0x00007ffac8c2b000 	C:\WINDOWS\system32\WS2_32.dll
0x00007ffac6140000 - 0x00007ffac6163000 	C:\WINDOWS\SYSTEM32\WINMM.dll
0x00007ffab8620000 - 0x00007ffab862a000 	C:\WINDOWS\SYSTEM32\VERSION.dll
0x00007ffac60e0000 - 0x00007ffac610c000 	C:\WINDOWS\SYSTEM32\WINMMBASE.dll
0x00007ffac7ac0000 - 0x00007ffac7b03000 	C:\WINDOWS\system32\cfgmgr32.dll
0x0000000067030000 - 0x000000006703f000 	C:\Program Files\Java\jdk1.8.0_40\jre\bin\verify.dll
0x0000000067000000 - 0x0000000067029000 	C:\Program Files\Java\jdk1.8.0_40\jre\bin\java.dll
0x0000000066fe0000 - 0x0000000066ff6000 	C:\Program Files\Java\jdk1.8.0_40\jre\bin\zip.dll
0x00007ffac90a0000 - 0x00007ffaca5fc000 	C:\WINDOWS\system32\SHELL32.dll
0x00007ffac7b80000 - 0x00007ffac81c5000 	C:\WINDOWS\system32\windows.storage.dll
0x00007ffacad50000 - 0x00007ffacada2000 	C:\WINDOWS\system32\shlwapi.dll
0x00007ffac7a90000 - 0x00007ffac7a9f000 	C:\WINDOWS\system32\kernel.appcore.dll
0x00007ffac86d0000 - 0x00007ffac8785000 	C:\WINDOWS\system32\shcore.dll
0x00007ffac7a20000 - 0x00007ffac7a6b000 	C:\WINDOWS\system32\powrprof.dll
0x00007ffac7a70000 - 0x00007ffac7a84000 	C:\WINDOWS\system32\profapi.dll
0x00007ffaa74e0000 - 0x00007ffaa766c000 	C:\WINDOWS\SYSTEM32\dbghelp.dll

VM Arguments:
jvm_args: -Xmx1024M -Dfile.encoding=GBK -Duser.country=CN -Duser.language=zh -Duser.variant 
java_command: com.android.dx.command.Main --dex --num-threads=4 --output O:\HelloArduino\HHelloAndroid\app\build\intermediates\pre-dexed\debug\classes-a2f9aede1acd9c4adfa6d59fe27dc86764009a29.jar O:\HelloArduino\HHelloAndroid\app\build\intermediates\exploded-aar\com.android.support\appcompat-v7\23.0.0\jars\classes.jar
java_class_path (initial): C:\_Dev\AndroidSDK\build-tools\23.0.0\lib\dx.jar
Launcher Type: SUN_STANDARD

Environment Variables:
JAVA_HOME=C:\Program Files\Java\jdk1.8.0_40
CLASSPATH=.;C:\Program Files\Java\jdk1.8.0_40\lib\dt.jar;C:\Program Files\Java\jdk1.8.0_40\lib\tools.jar
PATH=C:\WINDOWS\system32;C:\WINDOWS;C:\WINDOWS\System32\Wbem;C:\WINDOWS\System32\WindowsPowerShell\v1.0\;C:\Program Files\Microsoft\Web Platform Installer\;C:\Program Files\Microsoft ASP.NET\ASP.NET Web Pages\v1.0\;C:\Program Files\Microsoft SQL Server\110\Tools\Binn\;C:\Program Files\Java\jdk1.8.0_40\bin;C:\Program Files (x86)\Microsoft Visual Studio 11.0\VC\bin;C:\_Dev\_myTools;C:\_Dev\CTEX\UserData\miktex\bin;C:\_Dev\CTEX\MiKTeX\miktex\bin;C:\_Dev\CTEX\CTeX\ctex\bin;C:\_Dev\CTEX\CTeX\cct\bin;C:\_Dev\CTEX\CTeX\ty\bin;C:\_Dev\CTEX\Ghostscript\gs9.05\bin;C:\_Dev\CTEX\GSview\gsview;C:\_Dev\CTEX\WinEdt;C:\Program Files\TortoiseSVN\bin;C:\_Dev\Qt\Qt5.3.2\5.3\msvc2012_opengl\bin;C:\_A;C:\_Dev\Python34\;C:\_Dev\Python34\Scripts;C:\_Dev\Python27\Scripts;C:\_Dev\wamp\bin\php\php5.5.12;C:\_Dev\wamp\bin\php\php5.5.12\ext;C:\Program Files (x86)\Microsoft Visual Studio 11.0\Common7\IDE\;C:\_Dev\cygwin64\bin;C:\_Dev\cygwin64\usr\x86_64-w64-mingw32\sys-root\mingw\bin;C:\Program Files\MongoDB\Server\3.0\bin;C:\_Dev\nodejs\;C:\Users\Justin\AppData\Local\atom\bin;C:\Users\Justin\AppData\Roaming\npm
USERNAME=Justin
OS=Windows_NT
PROCESSOR_IDENTIFIER=Intel64 Family 6 Model 69 Stepping 1, GenuineIntel



---------------  S Y S T E M  ---------------

OS: Windows 10.0 , 64 bit Build 10586 (10.0.10586.0)

CPU:total 4 (2 cores per cpu, 2 threads per core) family 6 model 69 stepping 1, cmov, cx8, fxsr, mmx, sse, sse2, sse3, ssse3, sse4.1, sse4.2, popcnt, avx, avx2, clmul, erms, lzcnt, ht, tsc, tscinvbit, bmi1, bmi2

Memory: 4k page, physical 3862308k(251508k free), swap 10153764k(5764k free)

vm_info: Java HotSpot(TM) 64-Bit Server VM (25.40-b25) for windows-amd64 JRE (1.8.0_40-b26), built on Mar  7 2015 13:51:59 by "java_re" with MS VC++ 10.0 (VS2010)

time: Fri Feb 19 23:44:35 2016
elapsed time: 4 seconds (0d 0h 0m 4s)

